# JRE version: Java(TM) SE Runtime Environment (8.0_20-b26) (build 1.8.0_20-b26)
# Java VM: Java HotSpot(TM) 64-Bit Server VM (25.20-b23 mixed mode windows-amd64 compressed oops)
Heap:
 PSYoungGen      total 135680K, used 45267K [0x00000000eac00000, 0x00000000f3700000, 0x0000000100000000)
  eden space 130560K, 34% used [0x00000000eac00000,0x00000000ed834c20,0x00000000f2b80000)
  from space 5120K, 0% used [0x00000000f3100000,0x00000000f3100000,0x00000000f3600000)
  to   space 5632K, 0% used [0x00000000f2b80000,0x00000000f2b80000,0x00000000f3100000)
 ParOldGen       total 135680K, used 119333K [0x00000000c0400000, 0x00000000c8880000, 0x00000000eac00000)
  object space 135680K, 87% used [0x00000000c0400000,0x00000000c7889578,0x00000000c8880000)
 Metaspace       used 11769K, capacity 11877K, committed 12160K, reserved 1060864K
  class space    used 1253K, capacity 1313K, committed 1408K, reserved 1048576K
GC Heap History (10 events):
Event: 2.971 GC heap before
{Heap before GC invocations=4 (full 0):
 PSYoungGen      total 18944K, used 18496K [0x00000000eac00000, 0x00000000ed100000, 0x0000000100000000)
  eden space 16384K, 100% used [0x00000000eac00000,0x00000000ebc00000,0x00000000ebc00000)
  from space 2560K, 82% used [0x00000000ebc00000,0x00000000ebe10030,0x00000000ebe80000)
  to   space 2560K, 0% used [0x00000000ece80000,0x00000000ece80000,0x00000000ed100000)
 ParOldGen       total 135680K, used 117295K [0x00000000c0400000, 0x00000000c8880000, 0x00000000eac00000)
  object space 135680K, 86% used [0x00000000c0400000,0x00000000c768bcd8,0x00000000c8880000)
 Metaspace       used 11556K, capacity 11685K, committed 11904K, reserved 1060864K
  class space    used 1251K, capacity 1313K, committed 1408K, reserved 1048576K
Event: 2.976 GC heap after
Heap after GC invocations=4 (full 0):
 PSYoungGen      total 35328K, used 2080K [0x00000000eac00000, 0x00000000ed100000, 0x0000000100000000)
  eden space 32768K, 0% used [0x00000000eac00000,0x00000000eac00000,0x00000000ecc00000)
  from space 2560K, 81% used [0x00000000ece80000,0x00000000ed088050,0x00000000ed100000)
  to   space 2560K, 0% used [0x00000000ecc00000,0x00000000ecc00000,0x00000000ece80000)
 ParOldGen       total 135680K, used 117303K [0x00000000c0400000, 0x00000000c8880000, 0x00000000eac00000)
  object space 135680K, 86% used [0x00000000c0400000,0x00000000c768dcd8,0x00000000c8880000)
 Metaspace       used 11556K, capacity 11685K, committed 11904K, reserved 1060864K
  class space    used 1251K, capacity 1313K, committed 1408K, reserved 1048576K
}
Event: 3.040 GC heap before
{Heap before GC invocations=5 (full 0):
 PSYoungGen      total 35328K, used 34848K [0x00000000eac00000, 0x00000000ed100000, 0x0000000100000000)
  eden space 32768K, 100% used [0x00000000eac00000,0x00000000ecc00000,0x00000000ecc00000)
  from space 2560K, 81% used [0x00000000ece80000,0x00000000ed088050,0x00000000ed100000)
  to   space 2560K, 0% used [0x00000000ecc00000,0x00000000ecc00000,0x00000000ece80000)
 ParOldGen       total 135680K, used 117303K [0x00000000c0400000, 0x00000000c8880000, 0x00000000eac00000)
  object space 135680K, 86% used [0x00000000c0400000,0x00000000c768dcd8,0x00000000c8880000)
 Metaspace       used 11556K, capacity 11685K, committed 11904K, reserved 1060864K
  class space    used 1251K, capacity 1313K, committed 1408K, reserved 1048576K
Event: 3.045 GC heap after
Heap after GC invocations=5 (full 0):
 PSYoungGen      total 35328K, used 2064K [0x00000000eac00000, 0x00000000ef600000, 0x0000000100000000)
  eden space 32768K, 0% used [0x00000000eac00000,0x00000000eac00000,0x00000000ecc00000)
  from space 2560K, 80% used [0x00000000ecc00000,0x00000000ece04040,0x00000000ece80000)
  to   space 5120K, 0% used [0x00000000ef100000,0x00000000ef100000,0x00000000ef600000)
 ParOldGen       total 135680K, used 117311K [0x00000000c0400000, 0x00000000c8880000, 0x00000000eac00000)
  object space 135680K, 86% used [0x00000000c0400000,0x00000000c768fcd8,0x00000000c8880000)
 Metaspace       used 11556K, capacity 11685K, committed 11904K, reserved 1060864K
  class space    used 1251K, capacity 1313K, committed 1408K, reserved 1048576K
}
Event: 3.096 GC heap before
{Heap before GC invocations=6 (full 0):
 PSYoungGen      total 35328K, used 34832K [0x00000000eac00000, 0x00000000ef600000, 0x0000000100000000)
  eden space 32768K, 100% used [0x00000000eac00000,0x00000000ecc00000,0x00000000ecc00000)
  from space 2560K, 80% used [0x00000000ecc00000,0x00000000ece04040,0x00000000ece80000)
  to   space 5120K, 0% used [0x00000000ef100000,0x00000000ef100000,0x00000000ef600000)
 ParOldGen       total 135680K, used 117311K [0x00000000c0400000, 0x00000000c8880000, 0x00000000eac00000)
  object space 135680K, 86% used [0x00000000c0400000,0x00000000c768fcd8,0x00000000c8880000)
 Metaspace       used 11556K, capacity 11685K, committed 11904K, reserved 1060864K
  class space    used 1251K, capacity 1313K, committed 1408K, reserved 1048576K
Event: 3.099 GC heap after
Heap after GC invocations=6 (full 0):
 PSYoungGen      total 70656K, used 2096K [0x00000000eac00000, 0x00000000ef600000, 0x0000000100000000)
  eden space 65536K, 0% used [0x00000000eac00000,0x00000000eac00000,0x00000000eec00000)
  from space 5120K, 40% used [0x00000000ef100000,0x00000000ef30c040,0x00000000ef600000)
  to   space 5120K, 0% used [0x00000000eec00000,0x00000000eec00000,0x00000000ef100000)
 ParOldGen       total 135680K, used 117319K [0x00000000c0400000, 0x00000000c8880000, 0x00000000eac00000)
  object space 135680K, 86% used [0x00000000c0400000,0x00000000c7691cd8,0x00000000c8880000)
 Metaspace       used 11556K, capacity 11685K, committed 11904K, reserved 1060864K
  class space    used 1251K, capacity 1313K, committed 1408K, reserved 1048576K
}
Event: 3.202 GC heap before
{Heap before GC invocations=7 (full 0):
 PSYoungGen      total 70656K, used 67632K [0x00000000eac00000, 0x00000000ef600000, 0x0000000100000000)
  eden space 65536K, 100% used [0x00000000eac00000,0x00000000eec00000,0x00000000eec00000)
  from space 5120K, 40% used [0x00000000ef100000,0x00000000ef30c040,0x00000000ef600000)
  to   space 5120K, 0% used [0x00000000eec00000,0x00000000eec00000,0x00000000ef100000)
 ParOldGen       total 135680K, used 117319K [0x00000000c0400000, 0x00000000c8880000, 0x00000000eac00000)
  object space 135680K, 86% used [0x00000000c0400000,0x00000000c7691cd8,0x00000000c8880000)
 Metaspace       used 11556K, capacity 11685K, committed 11904K, reserved 1060864K
  class space    used 1251K, capacity 1313K, committed 1408K, reserved 1048576K
Event: 3.206 GC heap after
Heap after GC invocations=7 (full 0):
 PSYoungGen      total 70656K, used 192K [0x00000000eac00000, 0x00000000f3600000, 0x0000000100000000)
  eden space 65536K, 0% used [0x00000000eac00000,0x00000000eac00000,0x00000000eec00000)
  from space 5120K, 3% used [0x00000000eec00000,0x00000000eec30000,0x00000000ef100000)
  to   space 5120K, 0% used [0x00000000f3100000,0x00000000f3100000,0x00000000f3600000)
 ParOldGen       total 135680K, used 119301K [0x00000000c0400000, 0x00000000c8880000, 0x00000000eac00000)
  object space 135680K, 87% used [0x00000000c0400000,0x00000000c7881578,0x00000000c8880000)
 Metaspace       used 11556K, capacity 11685K, committed 11904K, reserved 1060864K
  class space    used 1251K, capacity 1313K, committed 1408K, reserved 1048576K
}
Event: 3.298 GC heap before
{Heap before GC invocations=8 (full 0):
 PSYoungGen      total 70656K, used 65728K [0x00000000eac00000, 0x00000000f3600000, 0x0000000100000000)
  eden space 65536K, 100% used [0x00000000eac00000,0x00000000eec00000,0x00000000eec00000)
  from space 5120K, 3% used [0x00000000eec00000,0x00000000eec30000,0x00000000ef100000)
  to   space 5120K, 0% used [0x00000000f3100000,0x00000000f3100000,0x00000000f3600000)
 ParOldGen       total 135680K, used 119301K [0x00000000c0400000, 0x00000000c8880000, 0x00000000eac00000)
  object space 135680K, 87% used [0x00000000c0400000,0x00000000c7881578,0x00000000c8880000)
 Metaspace       used 11556K, capacity 11685K, committed 11904K, reserved 1060864K
  class space    used 1251K, capacity 1313K, committed 1408K, reserved 1048576K
Event: 3.299 GC heap after
Heap after GC invocations=8 (full 0):
 PSYoungGen      total 135680K, used 0K [0x00000000eac00000, 0x00000000f3700000, 0x0000000100000000)
  eden space 130560K, 0% used [0x00000000eac00000,0x00000000eac00000,0x00000000f2b80000)
  from space 5120K, 0% used [0x00000000f3100000,0x00000000f3100000,0x00000000f3600000)
  to   space 5632K, 0% used [0x00000000f2b80000,0x00000000f2b80000,0x00000000f3100000)
 ParOldGen       total 135680K, used 119333K [0x00000000c0400000, 0x00000000c8880000, 0x00000000eac00000)
  object space 135680K, 87% used [0x00000000c0400000,0x00000000c7889578,0x00000000c8880000)
 Metaspace       used 11556K, capacity 11685K, committed 11904K, reserved 1060864K
  class space    used 1251K, capacity 1313K, committed 1408K, reserved 1048576K
}

