# JRE version: Java(TM) SE Runtime Environment (8.0_20-b26) (build 1.8.0_20-b26)
# Java VM: Java HotSpot(TM) 64-Bit Server VM (25.20-b23 mixed mode windows-amd64 compressed oops)
Heap:
 PSYoungGen      total 109056K, used 14367K [0x00000000eac00000, 0x00000000f1c00000, 0x0000000100000000)
  eden space 104448K, 13% used [0x00000000eac00000,0x00000000eba07e48,0x00000000f1200000)
  from space 4608K, 0% used [0x00000000f1780000,0x00000000f1780000,0x00000000f1c00000)
  to   space 5120K, 0% used [0x00000000f1200000,0x00000000f1200000,0x00000000f1700000)
 ParOldGen       total 135680K, used 119327K [0x00000000c0400000, 0x00000000c8880000, 0x00000000eac00000)
  object space 135680K, 87% used [0x00000000c0400000,0x00000000c7887e68,0x00000000c8880000)
 Metaspace       used 11769K, capacity 11877K, committed 12160K, reserved 1060864K
  class space    used 1254K, capacity 1313K, committed 1408K, reserved 1048576K
GC Heap History (10 events):
Event: 3.974 GC heap before
{Heap before GC invocations=6 (full 0):
 PSYoungGen      total 18944K, used 18408K [0x00000000eac00000, 0x00000000ed600000, 0x0000000100000000)
  eden space 16384K, 100% used [0x00000000eac00000,0x00000000ebc00000,0x00000000ebc00000)
  from space 2560K, 79% used [0x00000000ebc00000,0x00000000ebdfa158,0x00000000ebe80000)
  to   space 5120K, 0% used [0x00000000ed100000,0x00000000ed100000,0x00000000ed600000)
 ParOldGen       total 135680K, used 117270K [0x00000000c0400000, 0x00000000c8880000, 0x00000000eac00000)
  object space 135680K, 86% used [0x00000000c0400000,0x00000000c7685918,0x00000000c8880000)
 Metaspace       used 11554K, capacity 11685K, committed 11904K, reserved 1060864K
  class space    used 1251K, capacity 1313K, committed 1408K, reserved 1048576K
Event: 3.977 GC heap after
Heap after GC invocations=6 (full 0):
 PSYoungGen      total 37888K, used 2082K [0x00000000eac00000, 0x00000000ed600000, 0x0000000100000000)
  eden space 32768K, 0% used [0x00000000eac00000,0x00000000eac00000,0x00000000ecc00000)
  from space 5120K, 40% used [0x00000000ed100000,0x00000000ed308910,0x00000000ed600000)
  to   space 5120K, 0% used [0x00000000ecc00000,0x00000000ecc00000,0x00000000ed100000)
 ParOldGen       total 135680K, used 117278K [0x00000000c0400000, 0x00000000c8880000, 0x00000000eac00000)
  object space 135680K, 86% used [0x00000000c0400000,0x00000000c7687918,0x00000000c8880000)
 Metaspace       used 11554K, capacity 11685K, committed 11904K, reserved 1060864K
  class space    used 1251K, capacity 1313K, committed 1408K, reserved 1048576K
}
Event: 4.029 GC heap before
{Heap before GC invocations=7 (full 0):
 PSYoungGen      total 37888K, used 34850K [0x00000000eac00000, 0x00000000ed600000, 0x0000000100000000)
  eden space 32768K, 100% used [0x00000000eac00000,0x00000000ecc00000,0x00000000ecc00000)
  from space 5120K, 40% used [0x00000000ed100000,0x00000000ed308910,0x00000000ed600000)
  to   space 5120K, 0% used [0x00000000ecc00000,0x00000000ecc00000,0x00000000ed100000)
 ParOldGen       total 135680K, used 117278K [0x00000000c0400000, 0x00000000c8880000, 0x00000000eac00000)
  object space 135680K, 86% used [0x00000000c0400000,0x00000000c7687918,0x00000000c8880000)
 Metaspace       used 11554K, capacity 11685K, committed 11904K, reserved 1060864K
  class space    used 1251K, capacity 1313K, committed 1408K, reserved 1048576K
Event: 4.033 GC heap after
Heap after GC invocations=7 (full 0):
 PSYoungGen      total 37888K, used 192K [0x00000000eac00000, 0x00000000ef600000, 0x0000000100000000)
  eden space 32768K, 0% used [0x00000000eac00000,0x00000000eac00000,0x00000000ecc00000)
  from space 5120K, 3% used [0x00000000ecc00000,0x00000000ecc30000,0x00000000ed100000)
  to   space 5120K, 0% used [0x00000000ef100000,0x00000000ef100000,0x00000000ef600000)
 ParOldGen       total 135680K, used 119279K [0x00000000c0400000, 0x00000000c8880000, 0x00000000eac00000)
  object space 135680K, 87% used [0x00000000c0400000,0x00000000c787be68,0x00000000c8880000)
 Metaspace       used 11554K, capacity 11685K, committed 11904K, reserved 1060864K
  class space    used 1251K, capacity 1313K, committed 1408K, reserved 1048576K
}
Event: 4.084 GC heap before
{Heap before GC invocations=8 (full 0):
 PSYoungGen      total 37888K, used 32960K [0x00000000eac00000, 0x00000000ef600000, 0x0000000100000000)
  eden space 32768K, 100% used [0x00000000eac00000,0x00000000ecc00000,0x00000000ecc00000)
  from space 5120K, 3% used [0x00000000ecc00000,0x00000000ecc30000,0x00000000ed100000)
  to   space 5120K, 0% used [0x00000000ef100000,0x00000000ef100000,0x00000000ef600000)
 ParOldGen       total 135680K, used 119279K [0x00000000c0400000, 0x00000000c8880000, 0x00000000eac00000)
  object space 135680K, 87% used [0x00000000c0400000,0x00000000c787be68,0x00000000c8880000)
 Metaspace       used 11554K, capacity 11685K, committed 11904K, reserved 1060864K
  class space    used 1251K, capacity 1313K, committed 1408K, reserved 1048576K
Event: 4.086 GC heap after
Heap after GC invocations=8 (full 0):
 PSYoungGen      total 70144K, used 0K [0x00000000eac00000, 0x00000000ef700000, 0x0000000100000000)
  eden space 65024K, 0% used [0x00000000eac00000,0x00000000eac00000,0x00000000eeb80000)
  from space 5120K, 0% used [0x00000000ef100000,0x00000000ef100000,0x00000000ef600000)
  to   space 5632K, 0% used [0x00000000eeb80000,0x00000000eeb80000,0x00000000ef100000)
 ParOldGen       total 135680K, used 119327K [0x00000000c0400000, 0x00000000c8880000, 0x00000000eac00000)
  object space 135680K, 87% used [0x00000000c0400000,0x00000000c7887e68,0x00000000c8880000)
 Metaspace       used 11554K, capacity 11685K, committed 11904K, reserved 1060864K
  class space    used 1251K, capacity 1313K, committed 1408K, reserved 1048576K
}
Event: 4.188 GC heap before
{Heap before GC invocations=9 (full 0):
 PSYoungGen      total 70144K, used 65024K [0x00000000eac00000, 0x00000000ef700000, 0x0000000100000000)
  eden space 65024K, 100% used [0x00000000eac00000,0x00000000eeb80000,0x00000000eeb80000)
  from space 5120K, 0% used [0x00000000ef100000,0x00000000ef100000,0x00000000ef600000)
  to   space 5632K, 0% used [0x00000000eeb80000,0x00000000eeb80000,0x00000000ef100000)
 ParOldGen       total 135680K, used 119327K [0x00000000c0400000, 0x00000000c8880000, 0x00000000eac00000)
  object space 135680K, 87% used [0x00000000c0400000,0x00000000c7887e68,0x00000000c8880000)
 Metaspace       used 11554K, capacity 11685K, committed 11904K, reserved 1060864K
  class space    used 1251K, capacity 1313K, committed 1408K, reserved 1048576K
Event: 4.191 GC heap after
Heap after GC invocations=9 (full 0):
 PSYoungGen      total 70656K, used 0K [0x00000000eac00000, 0x00000000f1d00000, 0x0000000100000000)
  eden space 65024K, 0% used [0x00000000eac00000,0x00000000eac00000,0x00000000eeb80000)
  from space 5632K, 0% used [0x00000000eeb80000,0x00000000eeb80000,0x00000000ef100000)
  to   space 5632K, 0% used [0x00000000f1780000,0x00000000f1780000,0x00000000f1d00000)
 ParOldGen       total 135680K, used 119327K [0x00000000c0400000, 0x00000000c8880000, 0x00000000eac00000)
  object space 135680K, 87% used [0x00000000c0400000,0x00000000c7887e68,0x00000000c8880000)
 Metaspace       used 11554K, capacity 11685K, committed 11904K, reserved 1060864K
  class space    used 1251K, capacity 1313K, committed 1408K, reserved 1048576K
}
Event: 4.286 GC heap before
{Heap before GC invocations=10 (full 0):
 PSYoungGen      total 70656K, used 65024K [0x00000000eac00000, 0x00000000f1d00000, 0x0000000100000000)
  eden space 65024K, 100% used [0x00000000eac00000,0x00000000eeb80000,0x00000000eeb80000)
  from space 5632K, 0% used [0x00000000eeb80000,0x00000000eeb80000,0x00000000ef100000)
  to   space 5632K, 0% used [0x00000000f1780000,0x00000000f1780000,0x00000000f1d00000)
 ParOldGen       total 135680K, used 119327K [0x00000000c0400000, 0x00000000c8880000, 0x00000000eac00000)
  object space 135680K, 87% used [0x00000000c0400000,0x00000000c7887e68,0x00000000c8880000)
 Metaspace       used 11554K, capacity 11685K, committed 11904K, reserved 1060864K
  class space    used 1251K, capacity 1313K, committed 1408K, reserved 1048576K
Event: 4.287 GC heap after
Heap after GC invocations=10 (full 0):
 PSYoungGen      total 109056K, used 0K [0x00000000eac00000, 0x00000000f1c00000, 0x0000000100000000)
  eden space 104448K, 0% used [0x00000000eac00000,0x00000000eac00000,0x00000000f1200000)
  from space 4608K, 0% used [0x00000000f1780000,0x00000000f1780000,0x00000000f1c00000)
  to   space 5120K, 0% used [0x00000000f1200000,0x00000000f1200000,0x00000000f1700000)
 ParOldGen       total 135680K, used 119327K [0x00000000c0400000, 0x00000000c8880000, 0x00000000eac00000)
  object space 135680K, 87% used [0x00000000c0400000,0x00000000c7887e68,0x00000000c8880000)
 Metaspace       used 11554K, capacity 11685K, committed 11904K, reserved 1060864K
  class space    used 1251K, capacity 1313K, committed 1408K, reserved 1048576K
}

